[
  {
    "testcases": [
      {
        "name": "env_test",
        "description": "Test full env funtionality (hard)",
        "ptsPossible": 3.0,
        "log": "Did not find correct output",
        "ptsEarned": 0.0
      },
      {
        "name": "env_test",
        "description": "Test full env funtionality",
        "ptsPossible": 2.0,
        "log": "Did not find correct output",
        "ptsEarned": 0.0
      },
      {
        "name": "env_test_exec",
        "description": "Test env exec failure",
        "ptsPossible": 1.0,
        "log": "Did not find correct output",
        "ptsEarned": 0.0
      },
      {
        "name": "env_test_one",
        "description": "Test env",
        "ptsPossible": 1.0,
        "log": "Did not find correct output",
        "ptsEarned": 0.0
      },
      {
        "name": "env_test_ref",
        "description": "Test env referencing variable",
        "ptsPossible": 1.0,
        "log": "Did not find correct output",
        "ptsEarned": 0.0
      },
      {
        "name": "env_test_ref_empty",
        "description": "Test env referencing nonexistence variable",
        "ptsPossible": 1.0,
        "log": "Did not find correct output",
        "ptsEarned": 0.0
      },
      {
        "name": "env_test_two",
        "description": "Test env",
        "ptsPossible": 1.0,
        "log": "Did not find correct output",
        "ptsEarned": 0.0
      },
      {
        "name": "env_test_usage",
        "description": "Test env usage",
        "ptsPossible": 1.0,
        "log": "Did not find correct output",
        "ptsEarned": 0.0
      },
      {
        "name": "env_test_usage_2",
        "description": "Test env usage 2",
        "ptsPossible": 1.0,
        "log": "Did not find correct output",
        "ptsEarned": 0.0
      },
      {
        "name": "time_test",
        "description": "Test time",
        "ptsPossible": 1.0,
        "log": "Trying to compile your code...\nSuccessfully compiled your code.",
        "ptsEarned": 1.0
      },
      {
        "name": "time_test_exec",
        "description": "Test time exec failure",
        "ptsPossible": 1.0,
        "log": "Trying to compile your code...\nSuccessfully compiled your code.",
        "ptsEarned": 1.0
      },
      {
        "name": "time_test_usage",
        "description": "Test time usage",
        "ptsPossible": 1.0,
        "log": "Trying to compile your code...\nSuccessfully compiled your code.",
        "ptsEarned": 1.0
      }
    ],
    "timestamp": "2018-02-02 22:00:03.889524",
    "revision": "14641",
    "checksum": "451e3bbe436ab73b6a65c3f9792d32c0b5855bde  env.c\nd2f09bc36bf5c2d0d3961ba007ef93daad6163b9  time.c\n"
  },
  {
    "testcases": [
      {
        "ptsPossible": 3.0,
        "name": "env_test",
        "description": "Test full env funtionality (hard)",
        "log": "Did not find correct output",
        "ptsEarned": 0.0
      },
      {
        "ptsPossible": 2.0,
        "name": "env_test",
        "description": "Test full env funtionality",
        "log": "Did not find correct output",
        "ptsEarned": 0.0
      },
      {
        "ptsPossible": 1.0,
        "name": "env_test_exec",
        "description": "Test env exec failure",
        "log": "Did not find correct output",
        "ptsEarned": 0.0
      },
      {
        "ptsPossible": 1.0,
        "name": "env_test_one",
        "description": "Test env",
        "log": "Did not find correct output",
        "ptsEarned": 0.0
      },
      {
        "ptsPossible": 1.0,
        "name": "env_test_ref",
        "description": "Test env referencing variable",
        "log": "Did not find correct output",
        "ptsEarned": 0.0
      },
      {
        "ptsPossible": 1.0,
        "name": "env_test_ref_empty",
        "description": "Test env referencing nonexistence variable",
        "log": "Did not find correct output",
        "ptsEarned": 0.0
      },
      {
        "ptsPossible": 1.0,
        "name": "env_test_two",
        "description": "Test env",
        "log": "Did not find correct output",
        "ptsEarned": 0.0
      },
      {
        "ptsPossible": 1.0,
        "name": "env_test_usage",
        "description": "Test env usage",
        "log": "Did not find correct output",
        "ptsEarned": 0.0
      },
      {
        "ptsPossible": 1.0,
        "name": "env_test_usage_2",
        "description": "Test env usage 2",
        "log": "Did not find correct output",
        "ptsEarned": 0.0
      },
      {
        "ptsPossible": 1.0,
        "name": "time_test",
        "description": "Test time",
        "log": "Trying to compile your code...\nSuccessfully compiled your code.",
        "ptsEarned": 1.0
      },
      {
        "ptsPossible": 1.0,
        "name": "time_test_exec",
        "description": "Test time exec failure",
        "log": "Trying to compile your code...\nSuccessfully compiled your code.",
        "ptsEarned": 1.0
      },
      {
        "ptsPossible": 1.0,
        "name": "time_test_usage",
        "description": "Test time usage",
        "log": "Trying to compile your code...\nSuccessfully compiled your code.",
        "ptsEarned": 1.0
      }
    ],
    "checksum": "451e3bbe436ab73b6a65c3f9792d32c0b5855bde  env.c\nd2f09bc36bf5c2d0d3961ba007ef93daad6163b9  time.c\n",
    "revision": "18848",
    "timestamp": "2018-02-04 22:00:03.867219"
  },
  {
    "testcases": [
      {
        "description": "Test full env funtionality (hard)",
        "ptsPossible": 3.0,
        "name": "env_test",
        "log": "Did not find correct output",
        "ptsEarned": 0.0
      },
      {
        "description": "Test full env funtionality",
        "ptsPossible": 2.0,
        "name": "env_test",
        "log": "Did not find correct output",
        "ptsEarned": 0.0
      },
      {
        "description": "Test env exec failure",
        "ptsPossible": 1.0,
        "name": "env_test_exec",
        "log": "Did not find correct output",
        "ptsEarned": 0.0
      },
      {
        "description": "Test env",
        "ptsPossible": 1.0,
        "name": "env_test_one",
        "log": "Did not find correct output",
        "ptsEarned": 0.0
      },
      {
        "description": "Test env referencing variable",
        "ptsPossible": 1.0,
        "name": "env_test_ref",
        "log": "Did not find correct output",
        "ptsEarned": 0.0
      },
      {
        "description": "Test env referencing nonexistence variable",
        "ptsPossible": 1.0,
        "name": "env_test_ref_empty",
        "log": "Did not find correct output",
        "ptsEarned": 0.0
      },
      {
        "description": "Test env",
        "ptsPossible": 1.0,
        "name": "env_test_two",
        "log": "Did not find correct output",
        "ptsEarned": 0.0
      },
      {
        "description": "Test env usage",
        "ptsPossible": 1.0,
        "name": "env_test_usage",
        "log": "Did not find correct output",
        "ptsEarned": 0.0
      },
      {
        "description": "Test env usage 2",
        "ptsPossible": 1.0,
        "name": "env_test_usage_2",
        "log": "Did not find correct output",
        "ptsEarned": 0.0
      },
      {
        "description": "Test time",
        "ptsPossible": 1.0,
        "name": "time_test",
        "log": "Trying to compile your code...\nSuccessfully compiled your code.",
        "ptsEarned": 1.0
      },
      {
        "description": "Test time exec failure",
        "ptsPossible": 1.0,
        "name": "time_test_exec",
        "log": "Trying to compile your code...\nSuccessfully compiled your code.",
        "ptsEarned": 1.0
      },
      {
        "description": "Test time usage",
        "ptsPossible": 1.0,
        "name": "time_test_usage",
        "log": "Trying to compile your code...\nSuccessfully compiled your code.",
        "ptsEarned": 1.0
      }
    ],
    "timestamp": "2018-02-05 22:00:03.887744",
    "revision": "22484",
    "checksum": "451e3bbe436ab73b6a65c3f9792d32c0b5855bde  env.c\nd2f09bc36bf5c2d0d3961ba007ef93daad6163b9  time.c\n"
  },
  {
    "testcases": [
      {
        "name": "env_test",
        "description": "Test full env funtionality (hard)",
        "ptsPossible": 3.0,
        "log": "Trying to compile your code...\nFAILED TO COMPILE!\nenv.c:27:8: error: expected expression\n   for()\n       ^\nenv.c:27:8: error: expected ';' in 'for' statement specifier\n2 errors generated.\nmake: *** [.objs/env-release.o] Error 1\n",
        "ptsEarned": 0.0
      },
      {
        "name": "env_test",
        "description": "Test full env funtionality",
        "ptsPossible": 2.0,
        "log": "Trying to compile your code...\nFAILED TO COMPILE!\nenv.c:27:8: error: expected expression\n   for()\n       ^\nenv.c:27:8: error: expected ';' in 'for' statement specifier\n2 errors generated.\nmake: *** [.objs/env-release.o] Error 1\n",
        "ptsEarned": 0.0
      },
      {
        "name": "env_test_exec",
        "description": "Test env exec failure",
        "ptsPossible": 1.0,
        "log": "Trying to compile your code...\nFAILED TO COMPILE!\nenv.c:27:8: error: expected expression\n   for()\n       ^\nenv.c:27:8: error: expected ';' in 'for' statement specifier\n2 errors generated.\nmake: *** [.objs/env-release.o] Error 1\n",
        "ptsEarned": 0.0
      },
      {
        "name": "env_test_one",
        "description": "Test env",
        "ptsPossible": 1.0,
        "log": "Trying to compile your code...\nFAILED TO COMPILE!\nenv.c:27:8: error: expected expression\n   for()\n       ^\nenv.c:27:8: error: expected ';' in 'for' statement specifier\n2 errors generated.\nmake: *** [.objs/env-release.o] Error 1\n",
        "ptsEarned": 0.0
      },
      {
        "name": "env_test_ref",
        "description": "Test env referencing variable",
        "ptsPossible": 1.0,
        "log": "Trying to compile your code...\nFAILED TO COMPILE!\nenv.c:27:8: error: expected expression\n   for()\n       ^\nenv.c:27:8: error: expected ';' in 'for' statement specifier\n2 errors generated.\nmake: *** [.objs/env-release.o] Error 1\n",
        "ptsEarned": 0.0
      },
      {
        "name": "env_test_ref_empty",
        "description": "Test env referencing nonexistence variable",
        "ptsPossible": 1.0,
        "log": "Trying to compile your code...\nFAILED TO COMPILE!\nenv.c:27:8: error: expected expression\n   for()\n       ^\nenv.c:27:8: error: expected ';' in 'for' statement specifier\n2 errors generated.\nmake: *** [.objs/env-release.o] Error 1\n",
        "ptsEarned": 0.0
      },
      {
        "name": "env_test_two",
        "description": "Test env",
        "ptsPossible": 1.0,
        "log": "Trying to compile your code...\nFAILED TO COMPILE!\nenv.c:27:8: error: expected expression\n   for()\n       ^\nenv.c:27:8: error: expected ';' in 'for' statement specifier\n2 errors generated.\nmake: *** [.objs/env-release.o] Error 1\n",
        "ptsEarned": 0.0
      },
      {
        "name": "env_test_usage",
        "description": "Test env usage",
        "ptsPossible": 1.0,
        "log": "Trying to compile your code...\nFAILED TO COMPILE!\nenv.c:27:8: error: expected expression\n   for()\n       ^\nenv.c:27:8: error: expected ';' in 'for' statement specifier\n2 errors generated.\nmake: *** [.objs/env-release.o] Error 1\n",
        "ptsEarned": 0.0
      },
      {
        "name": "env_test_usage_2",
        "description": "Test env usage 2",
        "ptsPossible": 1.0,
        "log": "Trying to compile your code...\nFAILED TO COMPILE!\nenv.c:27:8: error: expected expression\n   for()\n       ^\nenv.c:27:8: error: expected ';' in 'for' statement specifier\n2 errors generated.\nmake: *** [.objs/env-release.o] Error 1\n",
        "ptsEarned": 0.0
      },
      {
        "name": "time_test",
        "description": "Test time",
        "ptsPossible": 1.0,
        "log": "Trying to compile your code...\nSuccessfully compiled your code.",
        "ptsEarned": 1.0
      },
      {
        "name": "time_test_exec",
        "description": "Test time exec failure",
        "ptsPossible": 1.0,
        "log": "Trying to compile your code...\nSuccessfully compiled your code.",
        "ptsEarned": 1.0
      },
      {
        "name": "time_test_usage",
        "description": "Test time usage",
        "ptsPossible": 1.0,
        "log": "Trying to compile your code...\nSuccessfully compiled your code.",
        "ptsEarned": 1.0
      }
    ],
    "checksum": "9fa7a75d1737505ebf89b4337a6f32ed898251c8  env.c\naa0a2e481357a1cd59981dbdae4a9ea42b245cad  time.c\n",
    "revision": "23794",
    "timestamp": "2018-02-06 22:00:03.824868"
  },
  {
    "testcases": [
      {
        "ptsPossible": 3.0,
        "name": "env_test",
        "description": "Test full env funtionality (hard)",
        "log": "Trying to compile your code...\nSuccessfully compiled your code.",
        "ptsEarned": 3.0
      },
      {
        "ptsPossible": 2.0,
        "name": "env_test",
        "description": "Test full env funtionality",
        "log": "Trying to compile your code...\nSuccessfully compiled your code.",
        "ptsEarned": 2.0
      },
      {
        "ptsPossible": 1.0,
        "name": "env_test_exec",
        "description": "Test env exec failure",
        "log": "Trying to compile your code...\nSuccessfully compiled your code.",
        "ptsEarned": 1.0
      },
      {
        "ptsPossible": 1.0,
        "name": "env_test_one",
        "description": "Test env",
        "log": "Trying to compile your code...\nSuccessfully compiled your code.",
        "ptsEarned": 1.0
      },
      {
        "ptsPossible": 1.0,
        "name": "env_test_ref",
        "description": "Test env referencing variable",
        "log": "Trying to compile your code...\nSuccessfully compiled your code.",
        "ptsEarned": 1.0
      },
      {
        "ptsPossible": 1.0,
        "name": "env_test_ref_empty",
        "description": "Test env referencing nonexistence variable",
        "log": "Did not find correct output",
        "ptsEarned": 0.0
      },
      {
        "ptsPossible": 1.0,
        "name": "env_test_two",
        "description": "Test env",
        "log": "Trying to compile your code...\nSuccessfully compiled your code.",
        "ptsEarned": 1.0
      },
      {
        "ptsPossible": 1.0,
        "name": "env_test_usage",
        "description": "Test env usage",
        "log": "Trying to compile your code...\nSuccessfully compiled your code.",
        "ptsEarned": 1.0
      },
      {
        "ptsPossible": 1.0,
        "name": "env_test_usage_2",
        "description": "Test env usage 2",
        "log": "Trying to compile your code...\nSuccessfully compiled your code.",
        "ptsEarned": 1.0
      },
      {
        "ptsPossible": 1.0,
        "name": "time_test",
        "description": "Test time",
        "log": "Trying to compile your code...\nSuccessfully compiled your code.",
        "ptsEarned": 1.0
      },
      {
        "ptsPossible": 1.0,
        "name": "time_test_exec",
        "description": "Test time exec failure",
        "log": "Trying to compile your code...\nSuccessfully compiled your code.",
        "ptsEarned": 1.0
      },
      {
        "ptsPossible": 1.0,
        "name": "time_test_usage",
        "description": "Test time usage",
        "log": "Trying to compile your code...\nSuccessfully compiled your code.",
        "ptsEarned": 1.0
      }
    ],
    "timestamp": "2018-02-07 12:00:04.468081",
    "revision": "24713",
    "checksum": "391d5d01b9382b1c2c1706409f5a1d43fee9023b  env.c\naa0a2e481357a1cd59981dbdae4a9ea42b245cad  time.c\n"
  },
  {
    "testcases": [
      {
        "description": "Test full env funtionality (hard)",
        "ptsPossible": 3.0,
        "name": "env_test",
        "log": "Trying to compile your code...\nSuccessfully compiled your code.",
        "ptsEarned": 3.0
      },
      {
        "description": "Test full env funtionality",
        "ptsPossible": 2.0,
        "name": "env_test",
        "log": "Trying to compile your code...\nSuccessfully compiled your code.",
        "ptsEarned": 2.0
      },
      {
        "description": "Test env exec failure",
        "ptsPossible": 1.0,
        "name": "env_test_exec",
        "log": "Trying to compile your code...\nSuccessfully compiled your code.",
        "ptsEarned": 1.0
      },
      {
        "description": "Test env",
        "ptsPossible": 1.0,
        "name": "env_test_one",
        "log": "Trying to compile your code...\nSuccessfully compiled your code.",
        "ptsEarned": 1.0
      },
      {
        "description": "Test env referencing variable",
        "ptsPossible": 1.0,
        "name": "env_test_ref",
        "log": "Trying to compile your code...\nSuccessfully compiled your code.",
        "ptsEarned": 1.0
      },
      {
        "description": "Test env referencing nonexistence variable",
        "ptsPossible": 1.0,
        "name": "env_test_ref_empty",
        "log": "Trying to compile your code...\nSuccessfully compiled your code.",
        "ptsEarned": 1.0
      },
      {
        "description": "Test env",
        "ptsPossible": 1.0,
        "name": "env_test_two",
        "log": "Trying to compile your code...\nSuccessfully compiled your code.",
        "ptsEarned": 1.0
      },
      {
        "description": "Test env usage",
        "ptsPossible": 1.0,
        "name": "env_test_usage",
        "log": "Trying to compile your code...\nSuccessfully compiled your code.",
        "ptsEarned": 1.0
      },
      {
        "description": "Test env usage 2",
        "ptsPossible": 1.0,
        "name": "env_test_usage_2",
        "log": "Trying to compile your code...\nSuccessfully compiled your code.",
        "ptsEarned": 1.0
      },
      {
        "description": "Test time",
        "ptsPossible": 1.0,
        "name": "time_test",
        "log": "Trying to compile your code...\nSuccessfully compiled your code.",
        "ptsEarned": 1.0
      },
      {
        "description": "Test time exec failure",
        "ptsPossible": 1.0,
        "name": "time_test_exec",
        "log": "Trying to compile your code...\nSuccessfully compiled your code.",
        "ptsEarned": 1.0
      },
      {
        "description": "Test time usage",
        "ptsPossible": 1.0,
        "name": "time_test_usage",
        "log": "Trying to compile your code...\nSuccessfully compiled your code.",
        "ptsEarned": 1.0
      }
    ],
    "checksum": "92958610365109cd06a273ca29cc753952957578  env.c\naa0a2e481357a1cd59981dbdae4a9ea42b245cad  time.c\n",
    "revision": "26368",
    "timestamp": "2018-02-08 00:00:04.408807"
  }
]